#
# A fatal error has been detected by the Java Runtime Environment:
#
#  EXCEPTION_ACCESS_VIOLATION (0xc0000005) at pc=0x00007ff98e481be9, pid=8556, tid=30048
#
# JRE version:  (17.0.10+7) (build )
# Java VM: OpenJDK 64-Bit Server VM (17.0.10+7, mixed mode, sharing, tiered, unknown gc, windows-amd64)
# Problematic frame:
# C  [jimage.dll+0x1be9]
#
# No core dump will be written. Minidumps are not enabled by default on client versions of Windows
#
#

---------------  S U M M A R Y ------------

Command Line: 

Host: 12th Gen Intel(R) Core(TM) i7-12700H, 20 cores, 15G,  Windows 11 , 64 bit Build 22621 (10.0.22621.3374)
Time: Thu Apr 25 00:13:22 2024 SE Asia Standard Time elapsed time: 0.008331 seconds (0d 0h 0m 0s)

---------------  T H R E A D  ---------------

Current thread is native thread

Stack: [0x000000d8b4900000,0x000000d8b4a00000],  sp=0x000000d8b49fd8e0,  free space=1014k
Native frames: (J=compiled Java code, j=interpreted, Vv=VM code, C=native code)
C  [jimage.dll+0x1be9]
C  [jimage.dll+0x1d77]
C  [jimage.dll+0x2655]
V  [jvm.dll+0x1f2d9a]
V  [jvm.dll+0xb0abe]
V  [jvm.dll+0x7e48ec]
V  [jvm.dll+0x3eff3f]
V  [jvm.dll+0x3f1b71]
C  [jli.dll+0x528f]
C  [ucrtbase.dll+0x29333]
C  [KERNEL32.DLL+0x1257d]
C  [ntdll.dll+0x5aa48]


siginfo: EXCEPTION_ACCESS_VIOLATION (0xc0000005), reading address 0x000000000001700c


Registers:
RAX=0x0000000000005bfc, RBX=0x000000d8b49fd9d1, RCX=0x00007ff98e486000, RDX=0x0000000000005bfc
RSP=0x000000d8b49fd8e0, RBP=0x000000d8b49fd9d0, RSI=0x00000000000071c4, RDI=0x000000d8b49fd9d0
R8 =0x00007ff98e484288, R9 =0x000000000000001c, R10=0x00007ff98b610000, R11=0x00007ff98e486000
R12=0x0000000000000002, R13=0x000002cda95bb700, R14=0x000000d8b49fea40, R15=0x00007ff93b537d98
RIP=0x00007ff98e481be9, EFLAGS=0x0000000000010246


Top of Stack: (sp=0x000000d8b49fd8e0)
0x000000d8b49fd8e0:   000002cd70000171 0000000060000464
0x000000d8b49fd8f0:   000002cda9500c30 000002cda9500bec
0x000000d8b49fd900:   000002cda95d1f00 00007ff98e481d77
0x000000d8b49fd910:   000000000000000b 000002cda95d1f00
0x000000d8b49fd920:   0000000000001000 0000000000800001
0x000000d8b49fd930:   0000000000001010 0000000000000000
0x000000d8b49fd940:   0000000000000101 0000000070000171
0x000000d8b49fd950:   000002cda95b0000 00007ff9967acd59
0x000000d8b49fd960:   000002cda95b0000 000002cd00800003
0x000000d8b49fd970:   0000606eb8a551ae 000002cda95b0150
0x000000d8b49fd980:   00007ff93b516830 0000000000000017
0x000000d8b49fd990:   000002cda95d1f00 000000d8b49fea40
0x000000d8b49fd9a0:   000000000000000b 00007ff98e482655
0x000000d8b49fd9b0:   000002cda95b0000 00007ff9000003ff
0x000000d8b49fd9c0:   0000000000000672 000002cdab8f08b0
0x000000d8b49fd9d0:   61622e6176616a2f 692f6b646a2f6573
0x000000d8b49fd9e0:   2f6c616e7265746e 6f6974706f2f6d76
0x000000d8b49fd9f0:   000002cda900736e 000002cdab8f0fc0
0x000000d8b49fda00:   000002cd000003ff 0000000000000672
0x000000d8b49fda10:   000002cdab8c0000 000002cd05010004
0x000000d8b49fda20:   00000000000005eb 0000000000005eb0
0x000000d8b49fda30:   000002cda95b007c 000002cda95b0150
0x000000d8b49fda40:   000002cdab8f08a0 00007ff970000171
0x000000d8b49fda50:   000002cda95b0000 000000d802000002
0x000000d8b49fda60:   0000000000000000 0000000000000000
0x000000d8b49fda70:   000002cda95b0150 000002cdab8f6750
0x000000d8b49fda80:   0000000000000000 0000000000000000
0x000000d8b49fda90:   0000000000000087 00007ff9967b423a
0x000000d8b49fdaa0:   000002cda95b3860 000000d8b49fddd9
0x000000d8b49fdab0:   000002cda95b0000 0000000000000087
0x000000d8b49fdac0:   000002cdab8f6760 000002cdab8f6750
0x000000d8b49fdad0:   000002cda95b02c0 00007ff9967af476 

Instructions: (pc=0x00007ff98e481be9)
0x00007ff98e481ae9:   48 85 c9 74 1d 80 3d 1b 45 00 00 00 74 06 48 8b
0x00007ff98e481af9:   53 18 eb 04 48 8b 53 40 e8 ae 0e 00 00 48 83 63
0x00007ff98e481b09:   48 00 8b 4b 0c 83 f9 ff 74 09 e8 e4 0c 00 00 83
0x00007ff98e481b19:   4b 0c ff 48 8b 4b 70 48 85 c9 74 0f ba 10 00 00
0x00007ff98e481b29:   00 e8 fd 0e 00 00 48 83 63 70 00 48 83 c4 20 5b
0x00007ff98e481b39:   c3 cc cc 40 53 48 83 ec 20 48 8b d9 48 8d 0d d4
0x00007ff98e481b49:   46 00 00 e8 b3 0c 00 00 83 6b 08 01 75 24 48 8b
0x00007ff98e481b59:   d3 48 8d 0d b7 44 00 00 e8 22 08 00 00 48 8b cb
0x00007ff98e481b69:   e8 de fe ff ff ba 78 00 00 00 48 8b cb e8 b1 0e
0x00007ff98e481b79:   00 00 48 8d 0d 9e 46 00 00 48 83 c4 20 5b e9 80
0x00007ff98e481b89:   0c 00 00 48 89 5c 24 08 48 89 74 24 10 57 48 83
0x00007ff98e481b99:   ec 20 41 8b f1 4d 8b c8 48 8b fa 4c 8b d9 4d 85
0x00007ff98e481ba9:   c0 74 78 85 f6 74 74 44 8a 12 48 8d 5a 01 48 8b
0x00007ff98e481bb9:   d3 b8 93 01 00 01 eb 12 69 c0 93 01 00 01 41 0f
0x00007ff98e481bc9:   b6 ca 44 8a 12 33 c1 48 ff c2 45 84 d2 75 e9 4d
0x00007ff98e481bd9:   8b 03 0f ba f0 1f 33 d2 49 8b cb f7 f6 48 63 c2
0x00007ff98e481be9:   41 8b 14 81 41 ff 50 08 85 c0 7e 24 8a 0f eb 10
0x00007ff98e481bf9:   69 c0 93 01 00 01 0f b6 c9 33 c1 8a 0b 48 ff c3
0x00007ff98e481c09:   84 c9 75 ec 0f ba f0 1f 33 d2 f7 f6 8b c2 eb 0e
0x00007ff98e481c19:   79 09 83 c9 ff 2b c8 8b c1 eb 03 83 c8 ff 48 8b
0x00007ff98e481c29:   5c 24 30 48 8b 74 24 38 48 83 c4 20 5f c3 cc 48
0x00007ff98e481c39:   89 5c 24 08 48 89 74 24 10 57 48 83 ec 20 48 8b
0x00007ff98e481c49:   f1 48 8d 0d cf 45 00 00 e8 ae 0b 00 00 33 ff 39
0x00007ff98e481c59:   3d ba 43 00 00 76 24 48 8b 05 b9 43 00 00 48 8b
0x00007ff98e481c69:   d6 48 8b 1c f8 48 8b 0b e8 64 1e 00 00 85 c0 74
0x00007ff98e481c79:   2b ff c7 3b 3d 96 43 00 00 72 dc 33 db 48 8d 0d
0x00007ff98e481c89:   93 45 00 00 e8 7a 0b 00 00 48 8b 74 24 38 48 8b
0x00007ff98e481c99:   c3 48 8b 5c 24 30 48 83 c4 20 5f c3 ff 43 08 eb
0x00007ff98e481ca9:   dc cc cc 48 89 5c 24 08 48 89 74 24 10 57 48 83
0x00007ff98e481cb9:   ec 20 48 8b d9 48 8b f2 48 8b 49 10 49 8b f8 8b
0x00007ff98e481cc9:   53 30 48 8b 01 ff 50 20 4c 8b 43 50 48 8b d6 48
0x00007ff98e481cd9:   8b 4b 10 44 8b c8 e8 a8 fe ff ff 83 f8 ff 74 38 



---------------  P R O C E S S  ---------------

VM state: not at safepoint (not fully initialized)

VM Mutex/Monitor currently owned by a thread: None

GC Precious Log:
<Not initialized>


Dynamic libraries:
0x00007ff781c20000 - 0x00007ff781c2e000 	c:\Users\sieuk\.vscode\extensions\redhat.java-1.29.0-win32-x64\jre\17.0.10-win32-x86_64\bin\java.exe
0x00007ff996770000 - 0x00007ff996986000 	C:\WINDOWS\SYSTEM32\ntdll.dll
0x00007ff9949c0000 - 0x00007ff994a84000 	C:\WINDOWS\System32\KERNEL32.DLL
0x00007ff993a90000 - 0x00007ff993e37000 	C:\WINDOWS\System32\KERNELBASE.dll
0x00007ff993fe0000 - 0x00007ff9940f1000 	C:\WINDOWS\System32\ucrtbase.dll
0x00007ff98b8c0000 - 0x00007ff98b8d7000 	c:\Users\sieuk\.vscode\extensions\redhat.java-1.29.0-win32-x64\jre\17.0.10-win32-x86_64\bin\jli.dll
0x00007ff98b610000 - 0x00007ff98b62b000 	c:\Users\sieuk\.vscode\extensions\redhat.java-1.29.0-win32-x64\jre\17.0.10-win32-x86_64\bin\VCRUNTIME140.dll
0x00007ff994ed0000 - 0x00007ff99507e000 	C:\WINDOWS\System32\USER32.dll
0x00007ff994380000 - 0x00007ff9943a6000 	C:\WINDOWS\System32\win32u.dll
0x00007ff97b340000 - 0x00007ff97b5d3000 	C:\WINDOWS\WinSxS\amd64_microsoft.windows.common-controls_6595b64144ccf1df_6.0.22621.3235_none_270f74e173860f98\COMCTL32.dll
0x00007ff9944a0000 - 0x00007ff9944c9000 	C:\WINDOWS\System32\GDI32.dll
0x00007ff994700000 - 0x00007ff9947a7000 	C:\WINDOWS\System32\msvcrt.dll
0x00007ff994260000 - 0x00007ff994379000 	C:\WINDOWS\System32\gdi32full.dll
0x00007ff9941c0000 - 0x00007ff99425a000 	C:\WINDOWS\System32\msvcp_win.dll
0x00007ff995080000 - 0x00007ff9950b1000 	C:\WINDOWS\System32\IMM32.DLL
0x00007ff98e5b0000 - 0x00007ff98e5bc000 	c:\Users\sieuk\.vscode\extensions\redhat.java-1.29.0-win32-x64\jre\17.0.10-win32-x86_64\bin\vcruntime140_1.dll
0x00007ff969430000 - 0x00007ff9694bd000 	c:\Users\sieuk\.vscode\extensions\redhat.java-1.29.0-win32-x64\jre\17.0.10-win32-x86_64\bin\msvcp140.dll
0x00007ff93ac00000 - 0x00007ff93b862000 	c:\Users\sieuk\.vscode\extensions\redhat.java-1.29.0-win32-x64\jre\17.0.10-win32-x86_64\bin\server\jvm.dll
0x00007ff9944d0000 - 0x00007ff994582000 	C:\WINDOWS\System32\ADVAPI32.dll
0x00007ff9951c0000 - 0x00007ff995268000 	C:\WINDOWS\System32\sechost.dll
0x00007ff993e40000 - 0x00007ff993e68000 	C:\WINDOWS\System32\bcrypt.dll
0x00007ff9965b0000 - 0x00007ff9966c5000 	C:\WINDOWS\System32\RPCRT4.dll
0x00007ff992900000 - 0x00007ff99294d000 	C:\WINDOWS\SYSTEM32\POWRPROF.dll
0x00007ff98b6b0000 - 0x00007ff98b6e4000 	C:\WINDOWS\SYSTEM32\WINMM.dll
0x00007ff98b8b0000 - 0x00007ff98b8ba000 	C:\WINDOWS\SYSTEM32\VERSION.dll
0x00007ff976020000 - 0x00007ff976029000 	C:\WINDOWS\SYSTEM32\WSOCK32.dll
0x00007ff996380000 - 0x00007ff9963f1000 	C:\WINDOWS\System32\WS2_32.dll
0x00007ff9928e0000 - 0x00007ff9928f3000 	C:\WINDOWS\SYSTEM32\UMPDC.dll
0x00007ff992b90000 - 0x00007ff992ba8000 	C:\WINDOWS\SYSTEM32\kernel.appcore.dll
0x00007ff98e480000 - 0x00007ff98e48a000 	c:\Users\sieuk\.vscode\extensions\redhat.java-1.29.0-win32-x64\jre\17.0.10-win32-x86_64\bin\jimage.dll
0x00007ff9910b0000 - 0x00007ff9912e3000 	C:\WINDOWS\SYSTEM32\DBGHELP.DLL
0x00007ff994ab0000 - 0x00007ff994e38000 	C:\WINDOWS\System32\combase.dll
0x00007ff994620000 - 0x00007ff9946f7000 	C:\WINDOWS\System32\OLEAUT32.dll
0x00007ff989e10000 - 0x00007ff989e42000 	C:\WINDOWS\SYSTEM32\dbgcore.DLL
0x00007ff994420000 - 0x00007ff994499000 	C:\WINDOWS\System32\bcryptPrimitives.dll

dbghelp: loaded successfully - version: 4.0.5 - missing functions: none
symbol engine: initialized successfully - sym options: 0x614 - pdb path: .;c:\Users\sieuk\.vscode\extensions\redhat.java-1.29.0-win32-x64\jre\17.0.10-win32-x86_64\bin;C:\WINDOWS\SYSTEM32;C:\WINDOWS\WinSxS\amd64_microsoft.windows.common-controls_6595b64144ccf1df_6.0.22621.3235_none_270f74e173860f98;c:\Users\sieuk\.vscode\extensions\redhat.java-1.29.0-win32-x64\jre\17.0.10-win32-x86_64\bin\server

VM Arguments:
java_command: <unknown>
java_class_path (initial): <not set>
Launcher Type: SUN_STANDARD

[Global flags]
     bool UseLargePagesIndividualAllocation        = false                                  {pd product} {ergonomic}

Logging:
Log output configuration:
 #0: stdout all=warning uptime,level,tags
 #1: stderr all=off uptime,level,tags

Environment Variables:
PATH=C:\Program Files\Microsoft\jdk-11.0.16.101-hotspot\bin;C:\Program Files (x86)\Common Files\Oracle\Java\javapath;C:\Windows\system32;C:\Windows;C:\Windows\System32\Wbem;C:\Windows\System32\WindowsPowerShell\v1.0\;C:\Windows\System32\OpenSSH\;C:\Program Files (x86)\NVIDIA Corporation\PhysX\Common;C:\WINDOWS\system32;C:\WINDOWS;C:\WINDOWS\System32\Wbem;C:\WINDOWS\System32\WindowsPowerShell\v1.0\;C:\WINDOWS\System32\OpenSSH\;C:\Program Files\Cloudflare\Cloudflare WARP\;C:\Program Files\Microsoft SQL Server\150\Tools\Binn\;C:\msys64\mingw64\bin;C:\TDM-GCC-64\bin;C:\TDM-GCC-32\bin;C:\Program Files\dotnet\;C:\Program Files\NVIDIA Corporation\NVIDIA NvDLISR;C:\Program Files\Git\cmd;C:\Users\sieuk\AppData\Local\Microsoft\WindowsApps;C:\Users\sieuk\AppData\Local\Programs\Microsoft VS Code\bin;
USERNAME=hieu
OS=Windows_NT
PROCESSOR_IDENTIFIER=Intel64 Family 6 Model 154 Stepping 3, GenuineIntel
TMP=C:\Users\sieuk\AppData\Local\Temp
TEMP=C:\Users\sieuk\AppData\Local\Temp



Periodic native trim disabled


---------------  S Y S T E M  ---------------

OS:
 Windows 11 , 64 bit Build 22621 (10.0.22621.3374)
OS uptime: 3 days 23:02 hours

CPU: total 20 (initial active 0) 
Processor Information for all 20 processors :
  Max Mhz: 2300, Current Mhz: 2300, Mhz Limit: 2300

Memory: 4k page, system-wide physical 16004M (3671M free)
TotalPageFile size 18052M (AvailPageFile size 2M)
current process WorkingSet (physical memory assigned to process): 8M, peak: 8M
current process commit charge ("private bytes"): 3M, peak: 3M

vm_info: OpenJDK 64-Bit Server VM (17.0.10+7) for windows-amd64 JRE (17.0.10+7), built on Jan 16 2024 23:25:11 by "admin" with MS VC++ 16.10 / 16.11 (VS2019)

END.
