#
# There is insufficient memory for the Java Runtime Environment to continue.
# Native memory allocation (malloc) failed to allocate 32784 bytes for Chunk::new
# Possible reasons:
#   The system is out of physical RAM or swap space
#   The process is running with CompressedOops enabled, and the Java Heap may be blocking the growth of the native heap
# Possible solutions:
#   Reduce memory load on the system
#   Increase physical memory or swap space
#   Check if swap backing store is full
#   Decrease Java heap size (-Xmx/-Xms)
#   Decrease number of Java threads
#   Decrease Java thread stack sizes (-Xss)
#   Set larger code cache with -XX:ReservedCodeCacheSize=
#   JVM is running with Unscaled Compressed Oops mode in which the Java heap is
#     placed in the first 4GB address space. The Java Heap base address is the
#     maximum limit for the native heap growth. Please use -XX:HeapBaseMinAddress
#     to set the Java Heap base and to place the Java Heap above 4GB virtual address.
# This output file may be truncated or incomplete.
#
#  Out of Memory Error (arena.cpp:191), pid=22884, tid=22036
#
# JRE version: OpenJDK Runtime Environment Temurin-17.0.10+7 (17.0.10+7) (build 17.0.10+7)
# Java VM: OpenJDK 64-Bit Server VM Temurin-17.0.10+7 (17.0.10+7, mixed mode, tiered, compressed oops, compressed class ptrs, parallel gc, windows-amd64)
# No core dump will be written. Minidumps are not enabled by default on client versions of Windows
#

---------------  S U M M A R Y ------------

Command Line: --add-modules=ALL-SYSTEM --add-opens=java.base/java.util=ALL-UNNAMED --add-opens=java.base/java.lang=ALL-UNNAMED --add-opens=java.base/sun.nio.fs=ALL-UNNAMED -Declipse.application=org.eclipse.jdt.ls.core.id1 -Dosgi.bundles.defaultStartLevel=4 -Declipse.product=org.eclipse.jdt.ls.core.product -Djava.import.generatesMetadataFilesAtProjectRoot=false -DDetectVMInstallationsJob.disabled=true -Dfile.encoding=utf8 -XX:+UseParallelGC -XX:GCTimeRatio=4 -XX:AdaptiveSizePolicyWeight=90 -Dsun.zip.disableMemoryMapping=true -Xmx1G -Xms100m -Xlog:disable -javaagent:c:\Users\sieuk\.vscode\extensions\redhat.java-1.29.0-win32-x64\lombok\lombok-1.18.32.jar -XX:+HeapDumpOnOutOfMemoryError -XX:HeapDumpPath=c:\Users\sieuk\AppData\Roaming\Code\User\workspaceStorage\1cd7369ebd7843775d8e56dcc277e207\redhat.java -Daether.dependencyCollector.impl=bf c:\Users\sieuk\.vscode\extensions\redhat.java-1.29.0-win32-x64\server\plugins\org.eclipse.equinox.launcher_1.6.800.v20240304-1850.jar -configuration c:\Users\sieuk\AppData\Roaming\Code\User\globalStorage\redhat.java\1.29.0\config_win -data c:\Users\sieuk\AppData\Roaming\Code\User\workspaceStorage\1cd7369ebd7843775d8e56dcc277e207\redhat.java\jdt_ws --stdio

Host: 12th Gen Intel(R) Core(TM) i7-12700H, 20 cores, 15G,  Windows 11 , 64 bit Build 22621 (10.0.22621.3374)
Time: Thu Apr 25 00:13:21 2024 SE Asia Standard Time elapsed time: 5.860549 seconds (0d 0h 0m 5s)

---------------  T H R E A D  ---------------

Current thread (0x000001a4fcd1e3f0):  JavaThread "C2 CompilerThread0" daemon [_thread_in_native, id=22036, stack(0x0000005869000000,0x0000005869100000)]


Current CompileTask:
C2:   5860 7391       4       jdk.internal.org.objectweb.asm.SymbolTable::addConstantMemberReference (147 bytes)

Stack: [0x0000005869000000,0x0000005869100000]
Native frames: (J=compiled Java code, j=interpreted, Vv=VM code, C=native code)
V  [jvm.dll+0x67d2c9]
V  [jvm.dll+0x834afa]
V  [jvm.dll+0x8365be]
V  [jvm.dll+0x836c23]
V  [jvm.dll+0x2477ff]
V  [jvm.dll+0xac514]
V  [jvm.dll+0xacb5c]
V  [jvm.dll+0xac61b]
V  [jvm.dll+0x65ab1c]
V  [jvm.dll+0x5847bf]
V  [jvm.dll+0x2228a2]
V  [jvm.dll+0x21b5cd]
V  [jvm.dll+0x219201]
V  [jvm.dll+0x1a502d]
V  [jvm.dll+0x2290de]
V  [jvm.dll+0x2272ac]
V  [jvm.dll+0x7e9bb7]
V  [jvm.dll+0x7e3fba]
V  [jvm.dll+0x67c1b5]
C  [ucrtbase.dll+0x29333]
C  [KERNEL32.DLL+0x1257d]
C  [ntdll.dll+0x5aa48]


---------------  P R O C E S S  ---------------

Threads class SMR info:
_java_thread_list=0x000001a4964c0a50, length=28, elements={
0x000001a4f2a9f2f0, 0x000001a4fccec010, 0x000001a4fccee350, 0x000001a4fcd19f20,
0x000001a4fcd1abb0, 0x000001a4fcd1c0e0, 0x000001a4fcd1d550, 0x000001a4fcd1e3f0,
0x000001a4fcd321a0, 0x000001a4fcd4b090, 0x000001a4f2b00360, 0x000001a4ff291f10,
0x000001a4ff66edc0, 0x000001a48f489e50, 0x000001a48f6af960, 0x000001a48fa34d00,
0x000001a48fca9a50, 0x000001a48fba1f50, 0x000001a48f9ef850, 0x000001a48f9f0270,
0x000001a48f9efd60, 0x000001a48f9f0780, 0x000001a48f9f0c90, 0x000001a48f9f11a0,
0x000001a48f9f16b0, 0x000001a48f9f1bc0, 0x000001a48f9f25e0, 0x000001a48f9f20d0
}

Java Threads: ( => current thread )
  0x000001a4f2a9f2f0 JavaThread "main" [_thread_blocked, id=25208, stack(0x0000005868700000,0x0000005868800000)]
  0x000001a4fccec010 JavaThread "Reference Handler" daemon [_thread_blocked, id=26256, stack(0x0000005868a00000,0x0000005868b00000)]
  0x000001a4fccee350 JavaThread "Finalizer" daemon [_thread_blocked, id=29592, stack(0x0000005868b00000,0x0000005868c00000)]
  0x000001a4fcd19f20 JavaThread "Signal Dispatcher" daemon [_thread_blocked, id=26656, stack(0x0000005868c00000,0x0000005868d00000)]
  0x000001a4fcd1abb0 JavaThread "Attach Listener" daemon [_thread_blocked, id=16912, stack(0x0000005868d00000,0x0000005868e00000)]
  0x000001a4fcd1c0e0 JavaThread "Service Thread" daemon [_thread_blocked, id=3140, stack(0x0000005868e00000,0x0000005868f00000)]
  0x000001a4fcd1d550 JavaThread "Monitor Deflation Thread" daemon [_thread_blocked, id=17368, stack(0x0000005868f00000,0x0000005869000000)]
=>0x000001a4fcd1e3f0 JavaThread "C2 CompilerThread0" daemon [_thread_in_native, id=22036, stack(0x0000005869000000,0x0000005869100000)]
  0x000001a4fcd321a0 JavaThread "C1 CompilerThread0" daemon [_thread_blocked, id=11688, stack(0x0000005869100000,0x0000005869200000)]
  0x000001a4fcd4b090 JavaThread "Sweeper thread" daemon [_thread_blocked, id=26744, stack(0x0000005869200000,0x0000005869300000)]
  0x000001a4f2b00360 JavaThread "Common-Cleaner" daemon [_thread_blocked, id=28744, stack(0x0000005869300000,0x0000005869400000)]
  0x000001a4ff291f10 JavaThread "Notification Thread" daemon [_thread_blocked, id=27940, stack(0x0000005869800000,0x0000005869900000)]
  0x000001a4ff66edc0 JavaThread "Active Thread: Equinox Container: 7a12ab2e-79b3-4d7b-a3a6-2e525e096aff" [_thread_blocked, id=6012, stack(0x000000586a000000,0x000000586a100000)]
  0x000001a48f489e50 JavaThread "Framework Event Dispatcher: Equinox Container: 7a12ab2e-79b3-4d7b-a3a6-2e525e096aff" daemon [_thread_blocked, id=9312, stack(0x000000586a100000,0x000000586a200000)]
  0x000001a48f6af960 JavaThread "Start Level: Equinox Container: 7a12ab2e-79b3-4d7b-a3a6-2e525e096aff" daemon [_thread_blocked, id=23744, stack(0x000000586a200000,0x000000586a300000)]
  0x000001a48fa34d00 JavaThread "Bundle File Closer" daemon [_thread_blocked, id=29476, stack(0x000000586a500000,0x000000586a600000)]
  0x000001a48fca9a50 JavaThread "SCR Component Actor" daemon [_thread_blocked, id=29604, stack(0x000000586a700000,0x000000586a800000)]
  0x000001a48fba1f50 JavaThread "SCR Component Registry" daemon [_thread_blocked, id=10272, stack(0x000000586a800000,0x000000586a900000)]
  0x000001a48f9ef850 JavaThread "Worker-JM" [_thread_blocked, id=1884, stack(0x000000586ac00000,0x000000586ad00000)]
  0x000001a48f9f0270 JavaThread "Worker-0" [_thread_blocked, id=9176, stack(0x000000586ae00000,0x000000586af00000)]
  0x000001a48f9efd60 JavaThread "Worker-1" [_thread_blocked, id=19088, stack(0x000000586af00000,0x000000586b000000)]
  0x000001a48f9f0780 JavaThread "Worker-2" [_thread_blocked, id=6248, stack(0x000000586b000000,0x000000586b100000)]
  0x000001a48f9f0c90 JavaThread "Java indexing" daemon [_thread_blocked, id=18240, stack(0x000000586b400000,0x000000586b500000)]
  0x000001a48f9f11a0 JavaThread "JNA Cleaner" daemon [_thread_blocked, id=10916, stack(0x000000586b500000,0x000000586b600000)]
  0x000001a48f9f16b0 JavaThread "pool-2-thread-1" [_thread_blocked, id=14272, stack(0x000000586b600000,0x000000586b700000)]
  0x000001a48f9f1bc0 JavaThread "WorkspaceEventsHandler" [_thread_blocked, id=15736, stack(0x000000586b700000,0x000000586b800000)]
  0x000001a48f9f25e0 JavaThread "pool-1-thread-1" [_thread_blocked, id=12432, stack(0x000000586b800000,0x000000586b900000)]
  0x000001a48f9f20d0 JavaThread "Worker-3" [_thread_blocked, id=13528, stack(0x000000586bd00000,0x000000586be00000)]

Other Threads:
  0x000001a4f2b4ebb0 VMThread "VM Thread" [stack: 0x0000005868900000,0x0000005868a00000] [id=25948]
  0x000001a4ff2e4230 WatcherThread [stack: 0x0000005869900000,0x0000005869a00000] [id=12604]
  0x000001a4f2ab3c40 GCTaskThread "GC Thread#0" [stack: 0x0000005868800000,0x0000005868900000] [id=26384]
  0x000001a4ff35ebf0 GCTaskThread "GC Thread#1" [stack: 0x0000005869b00000,0x0000005869c00000] [id=25304]
  0x000001a48f33c420 GCTaskThread "GC Thread#2" [stack: 0x0000005869c00000,0x0000005869d00000] [id=480]
  0x000001a4ff65ee10 GCTaskThread "GC Thread#3" [stack: 0x0000005869d00000,0x0000005869e00000] [id=15216]
  0x000001a4ff76c140 GCTaskThread "GC Thread#4" [stack: 0x0000005869e00000,0x0000005869f00000] [id=25740]
  0x000001a4ff864960 GCTaskThread "GC Thread#5" [stack: 0x0000005869f00000,0x000000586a000000] [id=14156]
  0x000001a4ff864c20 GCTaskThread "GC Thread#6" [stack: 0x000000586a300000,0x000000586a400000] [id=20564]
  0x000001a4ff8659e0 GCTaskThread "GC Thread#7" [stack: 0x000000586a400000,0x000000586a500000] [id=18936]
  0x000001a4ff864ee0 GCTaskThread "GC Thread#8" [stack: 0x000000586a600000,0x000000586a700000] [id=16656]
  0x000001a4ff865ca0 GCTaskThread "GC Thread#9" [stack: 0x000000586a900000,0x000000586aa00000] [id=1520]
  0x000001a4ff864120 GCTaskThread "GC Thread#10" [stack: 0x000000586aa00000,0x000000586ab00000] [id=1268]
  0x000001a4ff8643e0 GCTaskThread "GC Thread#11" [stack: 0x000000586ab00000,0x000000586ac00000] [id=16776]
  0x000001a4ff8646a0 GCTaskThread "GC Thread#12" [stack: 0x000000586ad00000,0x000000586ae00000] [id=5816]
  0x000001a4ff8651a0 GCTaskThread "GC Thread#13" [stack: 0x000000586b100000,0x000000586b200000] [id=18980]
  0x000001a48f69e4b0 GCTaskThread "GC Thread#14" [stack: 0x000000586b300000,0x000000586b400000] [id=22712]

Threads with active compile tasks:
C2 CompilerThread0     5868 7391       4       jdk.internal.org.objectweb.asm.SymbolTable::addConstantMemberReference (147 bytes)

VM state: not at safepoint (normal execution)

VM Mutex/Monitor currently owned by a thread: None

Heap address: 0x00000000c0000000, size: 1024 MB, Compressed Oops mode: 32-bit

CDS archive(s) not mapped
Compressed class space mapped at: 0x0000000100000000-0x0000000140000000, reserved size: 1073741824
Narrow klass base: 0x0000000000000000, Narrow klass shift: 3, Narrow klass range: 0x140000000

GC Precious Log:
 CPUs: 20 total, 20 available
 Memory: 16004M
 Large Page Support: Disabled
 NUMA Support: Disabled
 Compressed Oops: Enabled (32-bit)
 Alignments: Space 512K, Generation 512K, Heap 2M
 Heap Min Capacity: 100M
 Heap Initial Capacity: 100M
 Heap Max Capacity: 1G
 Pre-touch: Disabled
 Parallel Workers: 15

Heap:
 PSYoungGen      total 20480K, used 3877K [0x00000000eab00000, 0x00000000ec300000, 0x0000000100000000)
  eden space 19968K, 19% used [0x00000000eab00000,0x00000000eaec9678,0x00000000ebe80000)
  from space 512K, 0% used [0x00000000ec280000,0x00000000ec280000,0x00000000ec300000)
  to   space 512K, 0% used [0x00000000ec200000,0x00000000ec200000,0x00000000ec280000)
 ParOldGen       total 68608K, used 37296K [0x00000000c0000000, 0x00000000c4300000, 0x00000000eab00000)
  object space 68608K, 54% used [0x00000000c0000000,0x00000000c246c270,0x00000000c4300000)
 Metaspace       used 59004K, committed 60032K, reserved 1114112K
  class space    used 6274K, committed 6720K, reserved 1048576K

Card table byte_map: [0x000001a4f2430000,0x000001a4f2640000] _byte_map_base: 0x000001a4f1e30000

Marking Bits: (ParMarkBitMap*) 0x00007ff93b79d7d0
 Begin Bits: [0x000001a4f5730000, 0x000001a4f6730000)
 End Bits:   [0x000001a4f6730000, 0x000001a4f7730000)

Polling page: 0x000001a4f0650000

Metaspace:

Usage:
  Non-class:     51.49 MB used.
      Class:      6.13 MB used.
       Both:     57.62 MB used.

Virtual space:
  Non-class space:       64.00 MB reserved,      52.06 MB ( 81%) committed,  1 nodes.
      Class space:        1.00 GB reserved,       6.56 MB ( <1%) committed,  1 nodes.
             Both:        1.06 GB reserved,      58.62 MB (  5%) committed. 

Chunk freelists:
   Non-Class:  11.59 MB
       Class:  9.45 MB
        Both:  21.05 MB

MaxMetaspaceSize: unlimited
CompressedClassSpaceSize: 1.00 GB
Initial GC threshold: 21.00 MB
Current GC threshold: 97.31 MB
CDS: off
MetaspaceReclaimPolicy: balanced
 - commit_granule_bytes: 65536.
 - commit_granule_words: 8192.
 - virtual_space_node_default_size: 8388608.
 - enlarge_chunks_in_place: 1.
 - new_chunks_are_fully_committed: 0.
 - uncommit_free_chunks: 1.
 - use_allocation_guard: 0.
 - handle_deallocations: 1.


Internal statistics:

num_allocs_failed_limit: 9.
num_arena_births: 568.
num_arena_deaths: 14.
num_vsnodes_births: 2.
num_vsnodes_deaths: 0.
num_space_committed: 938.
num_space_uncommitted: 0.
num_chunks_returned_to_freelist: 23.
num_chunks_taken_from_freelist: 2674.
num_chunk_merges: 8.
num_chunk_splits: 1765.
num_chunks_enlarged: 1200.
num_inconsistent_stats: 0.

CodeHeap 'non-profiled nmethods': size=119168Kb used=4806Kb max_used=4806Kb free=114361Kb
 bounds [0x000001a487ba0000, 0x000001a488060000, 0x000001a48f000000]
CodeHeap 'profiled nmethods': size=119104Kb used=13974Kb max_used=13974Kb free=105129Kb
 bounds [0x000001a480000000, 0x000001a480db0000, 0x000001a487450000]
CodeHeap 'non-nmethods': size=7488Kb used=1326Kb max_used=3087Kb free=6161Kb
 bounds [0x000001a487450000, 0x000001a487760000, 0x000001a487ba0000]
 total_blobs=7259 nmethods=6597 adapters=575
 compilation: enabled
              stopped_count=0, restarted_count=0
 full_count=0

Compilation events (20 events):
Event: 4.978 Thread 0x000001a4fce74ff0 nmethod 7390 0x000001a488050b90 code [0x000001a488050d20, 0x000001a488050df8]
Event: 5.854 Thread 0x000001a4fcd1e3f0 7391       4       jdk.internal.org.objectweb.asm.SymbolTable::addConstantMemberReference (147 bytes)
Event: 5.856 Thread 0x000001a4fcd321a0 7392       3       java.util.Calendar::isFieldSet (14 bytes)
Event: 5.856 Thread 0x000001a4fcd321a0 nmethod 7392 0x000001a480da3190 code [0x000001a480da3320, 0x000001a480da3478]
Event: 5.856 Thread 0x000001a4fcd321a0 7393       3       org.eclipse.core.runtime.Path::isPrefixOf (118 bytes)
Event: 5.856 Thread 0x000001a4fcd321a0 nmethod 7393 0x000001a480da3510 code [0x000001a480da3780, 0x000001a480da42d8]
Event: 5.856 Thread 0x000001a4fcd321a0 7394       1       org.eclipse.core.internal.localstore.FileStoreRoot::isValid (5 bytes)
Event: 5.856 Thread 0x000001a4fcd321a0 nmethod 7394 0x000001a488050e90 code [0x000001a488051020, 0x000001a4880510f8]
Event: 5.857 Thread 0x000001a4fcd321a0 7395       1       com.google.gson.stream.JsonWriter::setLenient (6 bytes)
Event: 5.857 Thread 0x000001a4fcd321a0 nmethod 7395 0x000001a488051190 code [0x000001a488051320, 0x000001a4880513f8]
Event: 5.857 Thread 0x000001a4fcd321a0 7396       1       com.google.gson.stream.JsonWriter::setHtmlSafe (6 bytes)
Event: 5.857 Thread 0x000001a4fcd321a0 nmethod 7396 0x000001a488051490 code [0x000001a488051620, 0x000001a4880516f8]
Event: 5.857 Thread 0x000001a4fcd321a0 7397       1       com.google.gson.stream.JsonWriter::setSerializeNulls (6 bytes)
Event: 5.857 Thread 0x000001a4fcd321a0 nmethod 7397 0x000001a488051790 code [0x000001a488051920, 0x000001a4880519f8]
Event: 5.857 Thread 0x000001a4fcd321a0 7398       3       com.google.gson.stream.JsonWriter::beforeValue (134 bytes)
Event: 5.857 Thread 0x000001a4fcd321a0 nmethod 7398 0x000001a480da4690 code [0x000001a480da4900, 0x000001a480da52a8]
Event: 5.857 Thread 0x000001a4fcd321a0 7399       3       com.google.gson.stream.JsonWriter::writeDeferredName (25 bytes)
Event: 5.857 Thread 0x000001a4fcd321a0 nmethod 7399 0x000001a480da5610 code [0x000001a480da57c0, 0x000001a480da5998]
Event: 5.858 Thread 0x000001a4fcd321a0 7400       3       com.google.gson.stream.JsonWriter::name (46 bytes)
Event: 5.859 Thread 0x000001a4fcd321a0 nmethod 7400 0x000001a480da5a90 code [0x000001a480da5c80, 0x000001a480da6128]

GC Heap History (20 events):
Event: 3.870 GC heap before
{Heap before GC invocations=26 (full 2):
 PSYoungGen      total 22016K, used 21984K [0x00000000eab00000, 0x00000000ec680000, 0x0000000100000000)
  eden space 19968K, 100% used [0x00000000eab00000,0x00000000ebe80000,0x00000000ebe80000)
  from space 2048K, 98% used [0x00000000ebe80000,0x00000000ec078010,0x00000000ec080000)
  to   space 4096K, 0% used [0x00000000ec280000,0x00000000ec280000,0x00000000ec680000)
 ParOldGen       total 68608K, used 30831K [0x00000000c0000000, 0x00000000c4300000, 0x00000000eab00000)
  object space 68608K, 44% used [0x00000000c0000000,0x00000000c1e1bd50,0x00000000c4300000)
 Metaspace       used 52967K, committed 54016K, reserved 1114112K
  class space    used 5677K, committed 6144K, reserved 1048576K
}
Event: 3.871 GC heap after
{Heap after GC invocations=26 (full 2):
 PSYoungGen      total 22016K, used 1952K [0x00000000eab00000, 0x00000000ec480000, 0x0000000100000000)
  eden space 19968K, 0% used [0x00000000eab00000,0x00000000eab00000,0x00000000ebe80000)
  from space 2048K, 95% used [0x00000000ec280000,0x00000000ec468000,0x00000000ec480000)
  to   space 3072K, 0% used [0x00000000ebe80000,0x00000000ebe80000,0x00000000ec180000)
 ParOldGen       total 68608K, used 32799K [0x00000000c0000000, 0x00000000c4300000, 0x00000000eab00000)
  object space 68608K, 47% used [0x00000000c0000000,0x00000000c2007d60,0x00000000c4300000)
 Metaspace       used 52967K, committed 54016K, reserved 1114112K
  class space    used 5677K, committed 6144K, reserved 1048576K
}
Event: 3.954 GC heap before
{Heap before GC invocations=27 (full 2):
 PSYoungGen      total 22016K, used 21920K [0x00000000eab00000, 0x00000000ec480000, 0x0000000100000000)
  eden space 19968K, 100% used [0x00000000eab00000,0x00000000ebe80000,0x00000000ebe80000)
  from space 2048K, 95% used [0x00000000ec280000,0x00000000ec468000,0x00000000ec480000)
  to   space 3072K, 0% used [0x00000000ebe80000,0x00000000ebe80000,0x00000000ec180000)
 ParOldGen       total 68608K, used 32799K [0x00000000c0000000, 0x00000000c4300000, 0x00000000eab00000)
  object space 68608K, 47% used [0x00000000c0000000,0x00000000c2007d60,0x00000000c4300000)
 Metaspace       used 53231K, committed 54272K, reserved 1114112K
  class space    used 5694K, committed 6144K, reserved 1048576K
}
Event: 3.956 GC heap after
{Heap after GC invocations=27 (full 2):
 PSYoungGen      total 23040K, used 3044K [0x00000000eab00000, 0x00000000eca80000, 0x0000000100000000)
  eden space 19968K, 0% used [0x00000000eab00000,0x00000000eab00000,0x00000000ebe80000)
  from space 3072K, 99% used [0x00000000ebe80000,0x00000000ec179000,0x00000000ec180000)
  to   space 6144K, 0% used [0x00000000ec480000,0x00000000ec480000,0x00000000eca80000)
 ParOldGen       total 68608K, used 35167K [0x00000000c0000000, 0x00000000c4300000, 0x00000000eab00000)
  object space 68608K, 51% used [0x00000000c0000000,0x00000000c2257d60,0x00000000c4300000)
 Metaspace       used 53231K, committed 54272K, reserved 1114112K
  class space    used 5694K, committed 6144K, reserved 1048576K
}
Event: 4.150 GC heap before
{Heap before GC invocations=28 (full 2):
 PSYoungGen      total 23040K, used 23012K [0x00000000eab00000, 0x00000000eca80000, 0x0000000100000000)
  eden space 19968K, 100% used [0x00000000eab00000,0x00000000ebe80000,0x00000000ebe80000)
  from space 3072K, 99% used [0x00000000ebe80000,0x00000000ec179000,0x00000000ec180000)
  to   space 6144K, 0% used [0x00000000ec480000,0x00000000ec480000,0x00000000eca80000)
 ParOldGen       total 68608K, used 35167K [0x00000000c0000000, 0x00000000c4300000, 0x00000000eab00000)
  object space 68608K, 51% used [0x00000000c0000000,0x00000000c2257d60,0x00000000c4300000)
 Metaspace       used 53281K, committed 54336K, reserved 1114112K
  class space    used 5696K, committed 6144K, reserved 1048576K
}
Event: 4.151 GC heap after
{Heap after GC invocations=28 (full 2):
 PSYoungGen      total 20480K, used 352K [0x00000000eab00000, 0x00000000ec500000, 0x0000000100000000)
  eden space 19968K, 0% used [0x00000000eab00000,0x00000000eab00000,0x00000000ebe80000)
  from space 512K, 68% used [0x00000000ec480000,0x00000000ec4d8000,0x00000000ec500000)
  to   space 2560K, 0% used [0x00000000ec000000,0x00000000ec000000,0x00000000ec280000)
 ParOldGen       total 68608K, used 38256K [0x00000000c0000000, 0x00000000c4300000, 0x00000000eab00000)
  object space 68608K, 55% used [0x00000000c0000000,0x00000000c255c0b8,0x00000000c4300000)
 Metaspace       used 53281K, committed 54336K, reserved 1114112K
  class space    used 5696K, committed 6144K, reserved 1048576K
}
Event: 4.317 GC heap before
{Heap before GC invocations=29 (full 2):
 PSYoungGen      total 20480K, used 20320K [0x00000000eab00000, 0x00000000ec500000, 0x0000000100000000)
  eden space 19968K, 100% used [0x00000000eab00000,0x00000000ebe80000,0x00000000ebe80000)
  from space 512K, 68% used [0x00000000ec480000,0x00000000ec4d8000,0x00000000ec500000)
  to   space 2560K, 0% used [0x00000000ec000000,0x00000000ec000000,0x00000000ec280000)
 ParOldGen       total 68608K, used 38256K [0x00000000c0000000, 0x00000000c4300000, 0x00000000eab00000)
  object space 68608K, 55% used [0x00000000c0000000,0x00000000c255c0b8,0x00000000c4300000)
 Metaspace       used 54221K, committed 55232K, reserved 1114112K
  class space    used 5785K, committed 6208K, reserved 1048576K
}
Event: 4.317 GC heap after
{Heap after GC invocations=29 (full 2):
 PSYoungGen      total 22528K, used 448K [0x00000000eab00000, 0x00000000ec500000, 0x0000000100000000)
  eden space 19968K, 0% used [0x00000000eab00000,0x00000000eab00000,0x00000000ebe80000)
  from space 2560K, 17% used [0x00000000ec000000,0x00000000ec070000,0x00000000ec280000)
  to   space 1024K, 0% used [0x00000000ec400000,0x00000000ec400000,0x00000000ec500000)
 ParOldGen       total 68608K, used 38328K [0x00000000c0000000, 0x00000000c4300000, 0x00000000eab00000)
  object space 68608K, 55% used [0x00000000c0000000,0x00000000c256e0b8,0x00000000c4300000)
 Metaspace       used 54221K, committed 55232K, reserved 1114112K
  class space    used 5785K, committed 6208K, reserved 1048576K
}
Event: 4.408 GC heap before
{Heap before GC invocations=30 (full 2):
 PSYoungGen      total 22528K, used 20416K [0x00000000eab00000, 0x00000000ec500000, 0x0000000100000000)
  eden space 19968K, 100% used [0x00000000eab00000,0x00000000ebe80000,0x00000000ebe80000)
  from space 2560K, 17% used [0x00000000ec000000,0x00000000ec070000,0x00000000ec280000)
  to   space 1024K, 0% used [0x00000000ec400000,0x00000000ec400000,0x00000000ec500000)
 ParOldGen       total 68608K, used 38328K [0x00000000c0000000, 0x00000000c4300000, 0x00000000eab00000)
  object space 68608K, 55% used [0x00000000c0000000,0x00000000c256e0b8,0x00000000c4300000)
 Metaspace       used 55433K, committed 56512K, reserved 1114112K
  class space    used 5924K, committed 6400K, reserved 1048576K
}
Event: 4.409 GC heap after
{Heap after GC invocations=30 (full 2):
 PSYoungGen      total 20992K, used 1015K [0x00000000eab00000, 0x00000000ec500000, 0x0000000100000000)
  eden space 19968K, 0% used [0x00000000eab00000,0x00000000eab00000,0x00000000ebe80000)
  from space 1024K, 99% used [0x00000000ec400000,0x00000000ec4fdca0,0x00000000ec500000)
  to   space 2048K, 0% used [0x00000000ec100000,0x00000000ec100000,0x00000000ec300000)
 ParOldGen       total 68608K, used 39111K [0x00000000c0000000, 0x00000000c4300000, 0x00000000eab00000)
  object space 68608K, 57% used [0x00000000c0000000,0x00000000c2631df0,0x00000000c4300000)
 Metaspace       used 55433K, committed 56512K, reserved 1114112K
  class space    used 5924K, committed 6400K, reserved 1048576K
}
Event: 4.444 GC heap before
{Heap before GC invocations=31 (full 2):
 PSYoungGen      total 20992K, used 20983K [0x00000000eab00000, 0x00000000ec500000, 0x0000000100000000)
  eden space 19968K, 100% used [0x00000000eab00000,0x00000000ebe80000,0x00000000ebe80000)
  from space 1024K, 99% used [0x00000000ec400000,0x00000000ec4fdca0,0x00000000ec500000)
  to   space 2048K, 0% used [0x00000000ec100000,0x00000000ec100000,0x00000000ec300000)
 ParOldGen       total 68608K, used 39111K [0x00000000c0000000, 0x00000000c4300000, 0x00000000eab00000)
  object space 68608K, 57% used [0x00000000c0000000,0x00000000c2631df0,0x00000000c4300000)
 Metaspace       used 55448K, committed 56576K, reserved 1114112K
  class space    used 5924K, committed 6400K, reserved 1048576K
}
Event: 4.446 GC heap after
{Heap after GC invocations=31 (full 2):
 PSYoungGen      total 22016K, used 1277K [0x00000000eab00000, 0x00000000ec480000, 0x0000000100000000)
  eden space 19968K, 0% used [0x00000000eab00000,0x00000000eab00000,0x00000000ebe80000)
  from space 2048K, 62% used [0x00000000ec100000,0x00000000ec23f7d0,0x00000000ec300000)
  to   space 1536K, 0% used [0x00000000ec300000,0x00000000ec300000,0x00000000ec480000)
 ParOldGen       total 68608K, used 39609K [0x00000000c0000000, 0x00000000c4300000, 0x00000000eab00000)
  object space 68608K, 57% used [0x00000000c0000000,0x00000000c26ae700,0x00000000c4300000)
 Metaspace       used 55448K, committed 56576K, reserved 1114112K
  class space    used 5924K, committed 6400K, reserved 1048576K
}
Event: 4.644 GC heap before
{Heap before GC invocations=32 (full 2):
 PSYoungGen      total 22016K, used 21245K [0x00000000eab00000, 0x00000000ec480000, 0x0000000100000000)
  eden space 19968K, 100% used [0x00000000eab00000,0x00000000ebe80000,0x00000000ebe80000)
  from space 2048K, 62% used [0x00000000ec100000,0x00000000ec23f7d0,0x00000000ec300000)
  to   space 1536K, 0% used [0x00000000ec300000,0x00000000ec300000,0x00000000ec480000)
 ParOldGen       total 68608K, used 39609K [0x00000000c0000000, 0x00000000c4300000, 0x00000000eab00000)
  object space 68608K, 57% used [0x00000000c0000000,0x00000000c26ae700,0x00000000c4300000)
 Metaspace       used 57145K, committed 58176K, reserved 1114112K
  class space    used 6101K, committed 6528K, reserved 1048576K
}
Event: 4.645 GC heap after
{Heap after GC invocations=32 (full 2):
 PSYoungGen      total 20480K, used 480K [0x00000000eab00000, 0x00000000ec380000, 0x0000000100000000)
  eden space 19968K, 0% used [0x00000000eab00000,0x00000000eab00000,0x00000000ebe80000)
  from space 512K, 93% used [0x00000000ec300000,0x00000000ec378000,0x00000000ec380000)
  to   space 1024K, 0% used [0x00000000ec180000,0x00000000ec180000,0x00000000ec280000)
 ParOldGen       total 68608K, used 39657K [0x00000000c0000000, 0x00000000c4300000, 0x00000000eab00000)
  object space 68608K, 57% used [0x00000000c0000000,0x00000000c26ba700,0x00000000c4300000)
 Metaspace       used 57145K, committed 58176K, reserved 1114112K
  class space    used 6101K, committed 6528K, reserved 1048576K
}
Event: 4.802 GC heap before
{Heap before GC invocations=33 (full 2):
 PSYoungGen      total 20480K, used 20448K [0x00000000eab00000, 0x00000000ec380000, 0x0000000100000000)
  eden space 19968K, 100% used [0x00000000eab00000,0x00000000ebe80000,0x00000000ebe80000)
  from space 512K, 93% used [0x00000000ec300000,0x00000000ec378000,0x00000000ec380000)
  to   space 1024K, 0% used [0x00000000ec180000,0x00000000ec180000,0x00000000ec280000)
 ParOldGen       total 68608K, used 39657K [0x00000000c0000000, 0x00000000c4300000, 0x00000000eab00000)
  object space 68608K, 57% used [0x00000000c0000000,0x00000000c26ba700,0x00000000c4300000)
 Metaspace       used 58658K, committed 59712K, reserved 1114112K
  class space    used 6227K, committed 6656K, reserved 1048576K
}
Event: 4.803 GC heap after
{Heap after GC invocations=33 (full 2):
 PSYoungGen      total 20992K, used 640K [0x00000000eab00000, 0x00000000ec380000, 0x0000000100000000)
  eden space 19968K, 0% used [0x00000000eab00000,0x00000000eab00000,0x00000000ebe80000)
  from space 1024K, 62% used [0x00000000ec180000,0x00000000ec220000,0x00000000ec280000)
  to   space 1024K, 0% used [0x00000000ec280000,0x00000000ec280000,0x00000000ec380000)
 ParOldGen       total 68608K, used 39921K [0x00000000c0000000, 0x00000000c4300000, 0x00000000eab00000)
  object space 68608K, 58% used [0x00000000c0000000,0x00000000c26fc700,0x00000000c4300000)
 Metaspace       used 58658K, committed 59712K, reserved 1114112K
  class space    used 6227K, committed 6656K, reserved 1048576K
}
Event: 4.810 GC heap before
{Heap before GC invocations=34 (full 2):
 PSYoungGen      total 20992K, used 1433K [0x00000000eab00000, 0x00000000ec380000, 0x0000000100000000)
  eden space 19968K, 3% used [0x00000000eab00000,0x00000000eabc6760,0x00000000ebe80000)
  from space 1024K, 62% used [0x00000000ec180000,0x00000000ec220000,0x00000000ec280000)
  to   space 1024K, 0% used [0x00000000ec280000,0x00000000ec280000,0x00000000ec380000)
 ParOldGen       total 68608K, used 39921K [0x00000000c0000000, 0x00000000c4300000, 0x00000000eab00000)
  object space 68608K, 58% used [0x00000000c0000000,0x00000000c26fc700,0x00000000c4300000)
 Metaspace       used 58707K, committed 59776K, reserved 1114112K
  class space    used 6231K, committed 6720K, reserved 1048576K
}
Event: 4.811 GC heap after
{Heap after GC invocations=34 (full 2):
 PSYoungGen      total 20480K, used 384K [0x00000000eab00000, 0x00000000ec300000, 0x0000000100000000)
  eden space 19968K, 0% used [0x00000000eab00000,0x00000000eab00000,0x00000000ebe80000)
  from space 512K, 75% used [0x00000000ec280000,0x00000000ec2e0000,0x00000000ec300000)
  to   space 512K, 0% used [0x00000000ec200000,0x00000000ec200000,0x00000000ec280000)
 ParOldGen       total 68608K, used 40233K [0x00000000c0000000, 0x00000000c4300000, 0x00000000eab00000)
  object space 68608K, 58% used [0x00000000c0000000,0x00000000c274a700,0x00000000c4300000)
 Metaspace       used 58707K, committed 59776K, reserved 1114112K
  class space    used 6231K, committed 6720K, reserved 1048576K
}
Event: 4.811 GC heap before
{Heap before GC invocations=35 (full 3):
 PSYoungGen      total 20480K, used 384K [0x00000000eab00000, 0x00000000ec300000, 0x0000000100000000)
  eden space 19968K, 0% used [0x00000000eab00000,0x00000000eab00000,0x00000000ebe80000)
  from space 512K, 75% used [0x00000000ec280000,0x00000000ec2e0000,0x00000000ec300000)
  to   space 512K, 0% used [0x00000000ec200000,0x00000000ec200000,0x00000000ec280000)
 ParOldGen       total 68608K, used 40233K [0x00000000c0000000, 0x00000000c4300000, 0x00000000eab00000)
  object space 68608K, 58% used [0x00000000c0000000,0x00000000c274a700,0x00000000c4300000)
 Metaspace       used 58707K, committed 59776K, reserved 1114112K
  class space    used 6231K, committed 6720K, reserved 1048576K
}
Event: 4.844 GC heap after
{Heap after GC invocations=35 (full 3):
 PSYoungGen      total 20480K, used 0K [0x00000000eab00000, 0x00000000ec300000, 0x0000000100000000)
  eden space 19968K, 0% used [0x00000000eab00000,0x00000000eab00000,0x00000000ebe80000)
  from space 512K, 0% used [0x00000000ec280000,0x00000000ec280000,0x00000000ec300000)
  to   space 512K, 0% used [0x00000000ec200000,0x00000000ec200000,0x00000000ec280000)
 ParOldGen       total 68608K, used 37296K [0x00000000c0000000, 0x00000000c4300000, 0x00000000eab00000)
  object space 68608K, 54% used [0x00000000c0000000,0x00000000c246c270,0x00000000c4300000)
 Metaspace       used 58707K, committed 59776K, reserved 1114112K
  class space    used 6231K, committed 6720K, reserved 1048576K
}

Dll operation events (10 events):
Event: 0.007 Loaded shared library c:\Users\sieuk\.vscode\extensions\redhat.java-1.29.0-win32-x64\jre\17.0.10-win32-x86_64\bin\java.dll
Event: 0.081 Loaded shared library c:\Users\sieuk\.vscode\extensions\redhat.java-1.29.0-win32-x64\jre\17.0.10-win32-x86_64\bin\zip.dll
Event: 0.083 Loaded shared library C:\Users\sieuk\.vscode\extensions\redhat.java-1.29.0-win32-x64\jre\17.0.10-win32-x86_64\bin\instrument.dll
Event: 0.090 Loaded shared library C:\Users\sieuk\.vscode\extensions\redhat.java-1.29.0-win32-x64\jre\17.0.10-win32-x86_64\bin\net.dll
Event: 0.092 Loaded shared library C:\Users\sieuk\.vscode\extensions\redhat.java-1.29.0-win32-x64\jre\17.0.10-win32-x86_64\bin\nio.dll
Event: 0.096 Loaded shared library C:\Users\sieuk\.vscode\extensions\redhat.java-1.29.0-win32-x64\jre\17.0.10-win32-x86_64\bin\zip.dll
Event: 0.107 Loaded shared library C:\Users\sieuk\.vscode\extensions\redhat.java-1.29.0-win32-x64\jre\17.0.10-win32-x86_64\bin\jimage.dll
Event: 0.158 Loaded shared library c:\Users\sieuk\.vscode\extensions\redhat.java-1.29.0-win32-x64\jre\17.0.10-win32-x86_64\bin\verify.dll
Event: 0.802 Loaded shared library C:\Users\sieuk\AppData\Roaming\Code\User\globalStorage\redhat.java\1.29.0\config_win\org.eclipse.equinox.launcher\org.eclipse.equinox.launcher.win32.win32.x86_64_1.2.900.v20240213-1244\eclipse_11900.dll
Event: 2.198 Loaded shared library C:\Users\sieuk\AppData\Local\Temp\jna-3202417\jna851622114270703698.dll

Deoptimization events (20 events):
Event: 4.748 Thread 0x000001a48f9f0780 Uncommon trap: trap_request=0xffffff45 fr.pc=0x000001a487f86ca8 relative=0x0000000000000328
Event: 4.748 Thread 0x000001a48f9f0780 Uncommon trap: reason=unstable_if action=reinterpret pc=0x000001a487f86ca8 method=java.util.regex.Pattern.escape(ZZZ)I @ 8 c2
Event: 4.748 Thread 0x000001a48f9f0780 DEOPT PACKING pc=0x000001a487f86ca8 sp=0x000000586b0fc3b0
Event: 4.748 Thread 0x000001a48f9f0780 DEOPT UNPACKING pc=0x000001a4874a66a3 sp=0x000000586b0fc330 mode 2
Event: 4.775 Thread 0x000001a48f9f0780 Uncommon trap: trap_request=0xffffffcc fr.pc=0x000001a487fffb9c relative=0x0000000000001a7c
Event: 4.775 Thread 0x000001a48f9f0780 Uncommon trap: reason=intrinsic_or_type_checked_inlining action=make_not_entrant pc=0x000001a487fffb9c method=java.util.ArrayList$SubList.toArray([Ljava/lang/Object;)[Ljava/lang/Object; @ 58 c2
Event: 4.775 Thread 0x000001a48f9f0780 DEOPT PACKING pc=0x000001a487fffb9c sp=0x000000586b0fd2b0
Event: 4.775 Thread 0x000001a48f9f0780 DEOPT UNPACKING pc=0x000001a4874a66a3 sp=0x000000586b0fd1e8 mode 2
Event: 4.845 Thread 0x000001a48f9f0780 Uncommon trap: trap_request=0xffffffc6 fr.pc=0x000001a487c138fc relative=0x000000000000049c
Event: 4.845 Thread 0x000001a48f9f0780 Uncommon trap: reason=bimorphic_or_optimized_type_check action=maybe_recompile pc=0x000001a487c138fc method=java.util.HashMap.removeNode(ILjava/lang/Object;Ljava/lang/Object;ZZ)Ljava/util/HashMap$Node; @ 68 c2
Event: 4.845 Thread 0x000001a48f9f0780 DEOPT PACKING pc=0x000001a487c138fc sp=0x000000586b0fe8f0
Event: 4.845 Thread 0x000001a48f9f0780 DEOPT UNPACKING pc=0x000001a4874a66a3 sp=0x000000586b0fe7f8 mode 2
Event: 4.866 Thread 0x000001a48f9f0270 Uncommon trap: trap_request=0xffffff45 fr.pc=0x000001a487e7ca88 relative=0x00000000000002c8
Event: 4.866 Thread 0x000001a48f9f0270 Uncommon trap: reason=unstable_if action=reinterpret pc=0x000001a487e7ca88 method=java.lang.ThreadLocal$ThreadLocalMap.set(Ljava/lang/ThreadLocal;Ljava/lang/Object;)V @ 116 c2
Event: 4.866 Thread 0x000001a48f9f0270 DEOPT PACKING pc=0x000001a487e7ca88 sp=0x000000586aefe510
Event: 4.866 Thread 0x000001a48f9f0270 DEOPT UNPACKING pc=0x000001a4874a66a3 sp=0x000000586aefe498 mode 2
Event: 4.872 Thread 0x000001a48f9f0270 Uncommon trap: trap_request=0xffffffc6 fr.pc=0x000001a487c138fc relative=0x000000000000049c
Event: 4.872 Thread 0x000001a48f9f0270 Uncommon trap: reason=bimorphic_or_optimized_type_check action=maybe_recompile pc=0x000001a487c138fc method=java.util.HashMap.removeNode(ILjava/lang/Object;Ljava/lang/Object;ZZ)Ljava/util/HashMap$Node; @ 68 c2
Event: 4.872 Thread 0x000001a48f9f0270 DEOPT PACKING pc=0x000001a487c138fc sp=0x000000586aefea20
Event: 4.872 Thread 0x000001a48f9f0270 DEOPT UNPACKING pc=0x000001a4874a66a3 sp=0x000000586aefe928 mode 2

Classes unloaded (7 events):
Event: 2.119 Thread 0x000001a4f2b4ebb0 Unloading class 0x0000000100252400 'java/lang/invoke/LambdaForm$MH+0x0000000100252400'
Event: 2.119 Thread 0x000001a4f2b4ebb0 Unloading class 0x0000000100252000 'java/lang/invoke/LambdaForm$MH+0x0000000100252000'
Event: 2.119 Thread 0x000001a4f2b4ebb0 Unloading class 0x0000000100251c00 'java/lang/invoke/LambdaForm$MH+0x0000000100251c00'
Event: 2.119 Thread 0x000001a4f2b4ebb0 Unloading class 0x0000000100251800 'java/lang/invoke/LambdaForm$MH+0x0000000100251800'
Event: 2.119 Thread 0x000001a4f2b4ebb0 Unloading class 0x0000000100251400 'java/lang/invoke/LambdaForm$BMH+0x0000000100251400'
Event: 2.119 Thread 0x000001a4f2b4ebb0 Unloading class 0x0000000100251000 'java/lang/invoke/LambdaForm$DMH+0x0000000100251000'
Event: 2.119 Thread 0x000001a4f2b4ebb0 Unloading class 0x000000010024c400 'java/lang/invoke/LambdaForm$DMH+0x000000010024c400'

Classes redefined (0 events):
No events

Internal exceptions (20 events):
Event: 4.876 Thread 0x000001a48f9f20d0 Exception <a 'java/io/IOException'{0x00000000eabca278}> (0x00000000eabca278) 
thrown [s\src\hotspot\share\prims\jni.cpp, line 516]
Event: 4.876 Thread 0x000001a48f9f20d0 Exception <a 'java/io/IOException'{0x00000000eabca588}> (0x00000000eabca588) 
thrown [s\src\hotspot\share\prims\jni.cpp, line 516]
Event: 4.876 Thread 0x000001a48f9f20d0 Exception <a 'java/io/IOException'{0x00000000eabca898}> (0x00000000eabca898) 
thrown [s\src\hotspot\share\prims\jni.cpp, line 516]
Event: 4.876 Thread 0x000001a48f9f20d0 Exception <a 'java/io/IOException'{0x00000000eabcb828}> (0x00000000eabcb828) 
thrown [s\src\hotspot\share\prims\jni.cpp, line 516]
Event: 4.876 Thread 0x000001a48f9f20d0 Exception <a 'java/io/IOException'{0x00000000eabcbb38}> (0x00000000eabcbb38) 
thrown [s\src\hotspot\share\prims\jni.cpp, line 516]
Event: 4.876 Thread 0x000001a48f9f20d0 Exception <a 'java/io/IOException'{0x00000000eabcbe48}> (0x00000000eabcbe48) 
thrown [s\src\hotspot\share\prims\jni.cpp, line 516]
Event: 5.856 Thread 0x000001a48f9efd60 Exception <a 'sun/nio/fs/WindowsException'{0x00000000eac03018}> (0x00000000eac03018) 
thrown [s\src\hotspot\share\prims\jni.cpp, line 516]
Event: 5.856 Thread 0x000001a48f9efd60 Exception <a 'sun/nio/fs/WindowsException'{0x00000000eac03390}> (0x00000000eac03390) 
thrown [s\src\hotspot\share\prims\jni.cpp, line 516]
Event: 5.857 Thread 0x000001a48f9efd60 Exception <a 'java/io/IOException'{0x00000000eae9d2e8}> (0x00000000eae9d2e8) 
thrown [s\src\hotspot\share\prims\jni.cpp, line 516]
Event: 5.857 Thread 0x000001a48f9efd60 Exception <a 'java/io/IOException'{0x00000000eae9d5f8}> (0x00000000eae9d5f8) 
thrown [s\src\hotspot\share\prims\jni.cpp, line 516]
Event: 5.857 Thread 0x000001a48f9efd60 Exception <a 'java/io/IOException'{0x00000000eae9d908}> (0x00000000eae9d908) 
thrown [s\src\hotspot\share\prims\jni.cpp, line 516]
Event: 5.857 Thread 0x000001a48f9efd60 Exception <a 'java/io/IOException'{0x00000000eae9e348}> (0x00000000eae9e348) 
thrown [s\src\hotspot\share\prims\jni.cpp, line 516]
Event: 5.857 Thread 0x000001a48f9efd60 Exception <a 'java/io/IOException'{0x00000000eae9e658}> (0x00000000eae9e658) 
thrown [s\src\hotspot\share\prims\jni.cpp, line 516]
Event: 5.857 Thread 0x000001a48f9efd60 Exception <a 'java/io/IOException'{0x00000000eae9e968}> (0x00000000eae9e968) 
thrown [s\src\hotspot\share\prims\jni.cpp, line 516]
Event: 5.857 Thread 0x000001a48f9efd60 Exception <a 'java/io/IOException'{0x00000000eae9f790}> (0x00000000eae9f790) 
thrown [s\src\hotspot\share\prims\jni.cpp, line 516]
Event: 5.857 Thread 0x000001a48f9efd60 Exception <a 'java/io/IOException'{0x00000000eae9faa0}> (0x00000000eae9faa0) 
thrown [s\src\hotspot\share\prims\jni.cpp, line 516]
Event: 5.857 Thread 0x000001a48f9efd60 Exception <a 'java/io/IOException'{0x00000000eae9fdb0}> (0x00000000eae9fdb0) 
thrown [s\src\hotspot\share\prims\jni.cpp, line 516]
Event: 5.858 Thread 0x000001a48f9efd60 Exception <a 'java/io/IOException'{0x00000000eaea36e8}> (0x00000000eaea36e8) 
thrown [s\src\hotspot\share\prims\jni.cpp, line 516]
Event: 5.858 Thread 0x000001a48f9efd60 Exception <a 'java/io/IOException'{0x00000000eaea39f8}> (0x00000000eaea39f8) 
thrown [s\src\hotspot\share\prims\jni.cpp, line 516]
Event: 5.858 Thread 0x000001a48f9efd60 Exception <a 'java/io/IOException'{0x00000000eaea3d08}> (0x00000000eaea3d08) 
thrown [s\src\hotspot\share\prims\jni.cpp, line 516]

VM Operations (20 events):
Event: 4.149 Executing VM operation: ParallelGCFailedAllocation
Event: 4.151 Executing VM operation: ParallelGCFailedAllocation done
Event: 4.294 Executing VM operation: HandshakeAllThreads
Event: 4.294 Executing VM operation: HandshakeAllThreads done
Event: 4.317 Executing VM operation: ParallelGCFailedAllocation
Event: 4.317 Executing VM operation: ParallelGCFailedAllocation done
Event: 4.408 Executing VM operation: ParallelGCFailedAllocation
Event: 4.409 Executing VM operation: ParallelGCFailedAllocation done
Event: 4.444 Executing VM operation: ParallelGCFailedAllocation
Event: 4.446 Executing VM operation: ParallelGCFailedAllocation done
Event: 4.644 Executing VM operation: ParallelGCFailedAllocation
Event: 4.645 Executing VM operation: ParallelGCFailedAllocation done
Event: 4.784 Executing VM operation: HandshakeAllThreads
Event: 4.784 Executing VM operation: HandshakeAllThreads done
Event: 4.802 Executing VM operation: ParallelGCFailedAllocation
Event: 4.803 Executing VM operation: ParallelGCFailedAllocation done
Event: 4.810 Executing VM operation: CollectForMetadataAllocation
Event: 4.844 Executing VM operation: CollectForMetadataAllocation done
Event: 5.855 Executing VM operation: Cleanup
Event: 5.855 Executing VM operation: Cleanup done

Events (20 events):
Event: 4.550 loading class jdk/internal/reflect/UnsafeIntegerFieldAccessorImpl
Event: 4.550 loading class jdk/internal/reflect/UnsafeIntegerFieldAccessorImpl done
Event: 4.643 loading class java/util/Vector$1
Event: 4.643 loading class java/util/Vector$1 done
Event: 4.732 loading class java/util/Collections$UnmodifiableSortedSet
Event: 4.733 loading class java/util/Collections$UnmodifiableSortedSet done
Event: 4.748 loading class java/util/regex/Pattern$Caret
Event: 4.748 loading class java/util/regex/Pattern$Caret done
Event: 4.867 loading class java/io/DataOutputStream
Event: 4.867 loading class java/io/DataOutputStream done
Event: 4.975 Thread 0x000001a4919f6c60 Thread exited: 0x000001a4919f6c60
Event: 4.976 Thread 0x000001a4905dc5b0 Thread exited: 0x000001a4905dc5b0
Event: 4.976 Thread 0x000001a4905dbc50 Thread exited: 0x000001a4905dbc50
Event: 4.976 Thread 0x000001a490aaead0 Thread exited: 0x000001a490aaead0
Event: 4.977 Thread 0x000001a4ff650730 Thread exited: 0x000001a4ff650730
Event: 4.977 Thread 0x000001a4fcf0eff0 Thread exited: 0x000001a4fcf0eff0
Event: 4.977 Thread 0x000001a4fcea8db0 Thread exited: 0x000001a4fcea8db0
Event: 5.854 Thread 0x000001a48fde1380 Thread exited: 0x000001a48fde1380
Event: 5.854 Thread 0x000001a4fcea2060 Thread exited: 0x000001a4fcea2060
Event: 5.856 Thread 0x000001a4fce74ff0 Thread exited: 0x000001a4fce74ff0


Dynamic libraries:
0x00007ff781c20000 - 0x00007ff781c2e000 	c:\Users\sieuk\.vscode\extensions\redhat.java-1.29.0-win32-x64\jre\17.0.10-win32-x86_64\bin\java.exe
0x00007ff996770000 - 0x00007ff996986000 	C:\WINDOWS\SYSTEM32\ntdll.dll
0x00007ff9949c0000 - 0x00007ff994a84000 	C:\WINDOWS\System32\KERNEL32.DLL
0x00007ff993a90000 - 0x00007ff993e37000 	C:\WINDOWS\System32\KERNELBASE.dll
0x00007ff993fe0000 - 0x00007ff9940f1000 	C:\WINDOWS\System32\ucrtbase.dll
0x00007ff98b8c0000 - 0x00007ff98b8d7000 	c:\Users\sieuk\.vscode\extensions\redhat.java-1.29.0-win32-x64\jre\17.0.10-win32-x86_64\bin\jli.dll
0x00007ff98b610000 - 0x00007ff98b62b000 	c:\Users\sieuk\.vscode\extensions\redhat.java-1.29.0-win32-x64\jre\17.0.10-win32-x86_64\bin\VCRUNTIME140.dll
0x00007ff994ed0000 - 0x00007ff99507e000 	C:\WINDOWS\System32\USER32.dll
0x00007ff994380000 - 0x00007ff9943a6000 	C:\WINDOWS\System32\win32u.dll
0x00007ff9944a0000 - 0x00007ff9944c9000 	C:\WINDOWS\System32\GDI32.dll
0x00007ff97b340000 - 0x00007ff97b5d3000 	C:\WINDOWS\WinSxS\amd64_microsoft.windows.common-controls_6595b64144ccf1df_6.0.22621.3235_none_270f74e173860f98\COMCTL32.dll
0x00007ff994260000 - 0x00007ff994379000 	C:\WINDOWS\System32\gdi32full.dll
0x00007ff9941c0000 - 0x00007ff99425a000 	C:\WINDOWS\System32\msvcp_win.dll
0x00007ff994700000 - 0x00007ff9947a7000 	C:\WINDOWS\System32\msvcrt.dll
0x00007ff995080000 - 0x00007ff9950b1000 	C:\WINDOWS\System32\IMM32.DLL
0x00007ff98e5b0000 - 0x00007ff98e5bc000 	c:\Users\sieuk\.vscode\extensions\redhat.java-1.29.0-win32-x64\jre\17.0.10-win32-x86_64\bin\vcruntime140_1.dll
0x00007ff969430000 - 0x00007ff9694bd000 	c:\Users\sieuk\.vscode\extensions\redhat.java-1.29.0-win32-x64\jre\17.0.10-win32-x86_64\bin\msvcp140.dll
0x00007ff93ac00000 - 0x00007ff93b862000 	c:\Users\sieuk\.vscode\extensions\redhat.java-1.29.0-win32-x64\jre\17.0.10-win32-x86_64\bin\server\jvm.dll
0x00007ff9944d0000 - 0x00007ff994582000 	C:\WINDOWS\System32\ADVAPI32.dll
0x00007ff9951c0000 - 0x00007ff995268000 	C:\WINDOWS\System32\sechost.dll
0x00007ff993e40000 - 0x00007ff993e68000 	C:\WINDOWS\System32\bcrypt.dll
0x00007ff9965b0000 - 0x00007ff9966c5000 	C:\WINDOWS\System32\RPCRT4.dll
0x00007ff98b6b0000 - 0x00007ff98b6e4000 	C:\WINDOWS\SYSTEM32\WINMM.dll
0x00007ff992900000 - 0x00007ff99294d000 	C:\WINDOWS\SYSTEM32\POWRPROF.dll
0x00007ff976020000 - 0x00007ff976029000 	C:\WINDOWS\SYSTEM32\WSOCK32.dll
0x00007ff996380000 - 0x00007ff9963f1000 	C:\WINDOWS\System32\WS2_32.dll
0x00007ff98b8b0000 - 0x00007ff98b8ba000 	C:\WINDOWS\SYSTEM32\VERSION.dll
0x00007ff9928e0000 - 0x00007ff9928f3000 	C:\WINDOWS\SYSTEM32\UMPDC.dll
0x00007ff992b90000 - 0x00007ff992ba8000 	C:\WINDOWS\SYSTEM32\kernel.appcore.dll
0x00007ff98e480000 - 0x00007ff98e48a000 	c:\Users\sieuk\.vscode\extensions\redhat.java-1.29.0-win32-x64\jre\17.0.10-win32-x86_64\bin\jimage.dll
0x00007ff9910b0000 - 0x00007ff9912e3000 	C:\WINDOWS\SYSTEM32\DBGHELP.DLL
0x00007ff994ab0000 - 0x00007ff994e38000 	C:\WINDOWS\System32\combase.dll
0x00007ff994620000 - 0x00007ff9946f7000 	C:\WINDOWS\System32\OLEAUT32.dll
0x00007ff989e10000 - 0x00007ff989e42000 	C:\WINDOWS\SYSTEM32\dbgcore.DLL
0x00007ff994420000 - 0x00007ff994499000 	C:\WINDOWS\System32\bcryptPrimitives.dll
0x00007ff98c3a0000 - 0x00007ff98c3ae000 	c:\Users\sieuk\.vscode\extensions\redhat.java-1.29.0-win32-x64\jre\17.0.10-win32-x86_64\bin\instrument.dll
0x00007ff98b420000 - 0x00007ff98b445000 	c:\Users\sieuk\.vscode\extensions\redhat.java-1.29.0-win32-x64\jre\17.0.10-win32-x86_64\bin\java.dll
0x00007ff989580000 - 0x00007ff989598000 	c:\Users\sieuk\.vscode\extensions\redhat.java-1.29.0-win32-x64\jre\17.0.10-win32-x86_64\bin\zip.dll
0x00007ff995950000 - 0x00007ff9961ac000 	C:\WINDOWS\System32\SHELL32.dll
0x00007ff9919a0000 - 0x00007ff992299000 	C:\WINDOWS\SYSTEM32\windows.storage.dll
0x00007ff991860000 - 0x00007ff99199e000 	C:\WINDOWS\SYSTEM32\wintypes.dll
0x00007ff996210000 - 0x00007ff996303000 	C:\WINDOWS\System32\SHCORE.dll
0x00007ff9966d0000 - 0x00007ff99672e000 	C:\WINDOWS\System32\shlwapi.dll
0x00007ff9939c0000 - 0x00007ff9939e1000 	C:\WINDOWS\SYSTEM32\profapi.dll
0x00007ff989430000 - 0x00007ff989449000 	C:\Users\sieuk\.vscode\extensions\redhat.java-1.29.0-win32-x64\jre\17.0.10-win32-x86_64\bin\net.dll
0x00007ff98df70000 - 0x00007ff98e0a6000 	C:\WINDOWS\SYSTEM32\WINHTTP.dll
0x00007ff993010000 - 0x00007ff993079000 	C:\WINDOWS\system32\mswsock.dll
0x00007ff989080000 - 0x00007ff989096000 	C:\Users\sieuk\.vscode\extensions\redhat.java-1.29.0-win32-x64\jre\17.0.10-win32-x86_64\bin\nio.dll
0x00007ff98b580000 - 0x00007ff98b590000 	c:\Users\sieuk\.vscode\extensions\redhat.java-1.29.0-win32-x64\jre\17.0.10-win32-x86_64\bin\verify.dll
0x00007ff97dd60000 - 0x00007ff97dd9e000 	C:\Users\sieuk\AppData\Roaming\Code\User\globalStorage\redhat.java\1.29.0\config_win\org.eclipse.equinox.launcher\org.eclipse.equinox.launcher.win32.win32.x86_64_1.2.900.v20240213-1244\eclipse_11900.dll
0x00007ff996400000 - 0x00007ff9965a5000 	C:\WINDOWS\System32\ole32.dll
0x00007ff993280000 - 0x00007ff99329b000 	C:\WINDOWS\SYSTEM32\CRYPTSP.dll
0x00007ff992af0000 - 0x00007ff992b25000 	C:\WINDOWS\system32\rsaenh.dll
0x00007ff993110000 - 0x00007ff993138000 	C:\WINDOWS\SYSTEM32\USERENV.dll
0x00007ff993270000 - 0x00007ff99327c000 	C:\WINDOWS\SYSTEM32\CRYPTBASE.dll
0x00007ff9925b0000 - 0x00007ff9925dd000 	C:\WINDOWS\SYSTEM32\IPHLPAPI.DLL
0x00007ff994a90000 - 0x00007ff994a99000 	C:\WINDOWS\System32\NSI.dll
0x00007ff98dd20000 - 0x00007ff98dd39000 	C:\WINDOWS\SYSTEM32\dhcpcsvc6.DLL
0x00007ff98dd00000 - 0x00007ff98dd1f000 	C:\WINDOWS\SYSTEM32\dhcpcsvc.DLL
0x00007ff9925e0000 - 0x00007ff9926d9000 	C:\WINDOWS\SYSTEM32\DNSAPI.dll
0x00007ff971a10000 - 0x00007ff971a55000 	C:\Users\sieuk\AppData\Local\Temp\jna-3202417\jna851622114270703698.dll
0x00007ff994aa0000 - 0x00007ff994aa8000 	C:\WINDOWS\System32\PSAPI.DLL

dbghelp: loaded successfully - version: 4.0.5 - missing functions: none
symbol engine: initialized successfully - sym options: 0x614 - pdb path: .;c:\Users\sieuk\.vscode\extensions\redhat.java-1.29.0-win32-x64\jre\17.0.10-win32-x86_64\bin;C:\WINDOWS\SYSTEM32;C:\WINDOWS\WinSxS\amd64_microsoft.windows.common-controls_6595b64144ccf1df_6.0.22621.3235_none_270f74e173860f98;c:\Users\sieuk\.vscode\extensions\redhat.java-1.29.0-win32-x64\jre\17.0.10-win32-x86_64\bin\server;C:\Users\sieuk\AppData\Roaming\Code\User\globalStorage\redhat.java\1.29.0\config_win\org.eclipse.equinox.launcher\org.eclipse.equinox.launcher.win32.win32.x86_64_1.2.900.v20240213-1244;C:\Users\sieuk\AppData\Local\Temp\jna-3202417

VM Arguments:
jvm_args: --add-modules=ALL-SYSTEM --add-opens=java.base/java.util=ALL-UNNAMED --add-opens=java.base/java.lang=ALL-UNNAMED --add-opens=java.base/sun.nio.fs=ALL-UNNAMED -Declipse.application=org.eclipse.jdt.ls.core.id1 -Dosgi.bundles.defaultStartLevel=4 -Declipse.product=org.eclipse.jdt.ls.core.product -Djava.import.generatesMetadataFilesAtProjectRoot=false -DDetectVMInstallationsJob.disabled=true -Dfile.encoding=utf8 -XX:+UseParallelGC -XX:GCTimeRatio=4 -XX:AdaptiveSizePolicyWeight=90 -Dsun.zip.disableMemoryMapping=true -Xmx1G -Xms100m -Xlog:disable -javaagent:c:\Users\sieuk\.vscode\extensions\redhat.java-1.29.0-win32-x64\lombok\lombok-1.18.32.jar -XX:+HeapDumpOnOutOfMemoryError -XX:HeapDumpPath=c:\Users\sieuk\AppData\Roaming\Code\User\workspaceStorage\1cd7369ebd7843775d8e56dcc277e207\redhat.java -Daether.dependencyCollector.impl=bf 
java_command: c:\Users\sieuk\.vscode\extensions\redhat.java-1.29.0-win32-x64\server\plugins\org.eclipse.equinox.launcher_1.6.800.v20240304-1850.jar -configuration c:\Users\sieuk\AppData\Roaming\Code\User\globalStorage\redhat.java\1.29.0\config_win -data c:\Users\sieuk\AppData\Roaming\Code\User\workspaceStorage\1cd7369ebd7843775d8e56dcc277e207\redhat.java\jdt_ws --stdio
java_class_path (initial): c:\Users\sieuk\.vscode\extensions\redhat.java-1.29.0-win32-x64\server\plugins\org.eclipse.equinox.launcher_1.6.800.v20240304-1850.jar
Launcher Type: SUN_STANDARD

[Global flags]
    uintx AdaptiveSizePolicyWeight                 = 90                                        {product} {command line}
     intx CICompilerCount                          = 12                                        {product} {ergonomic}
    uintx GCTimeRatio                              = 4                                         {product} {command line}
     bool HeapDumpOnOutOfMemoryError               = true                                   {manageable} {command line}
    ccstr HeapDumpPath                             = c:\Users\sieuk\AppData\Roaming\Code\User\workspaceStorage\1cd7369ebd7843775d8e56dcc277e207\redhat.java         {manageable} {command line}
   size_t InitialHeapSize                          = 104857600                                 {product} {command line}
   size_t MaxHeapSize                              = 1073741824                                {product} {command line}
   size_t MaxNewSize                               = 357564416                                 {product} {ergonomic}
   size_t MinHeapDeltaBytes                        = 524288                                    {product} {ergonomic}
   size_t MinHeapSize                              = 104857600                                 {product} {command line}
   size_t NewSize                                  = 34603008                                  {product} {ergonomic}
    uintx NonNMethodCodeHeapSize                   = 7602480                                {pd product} {ergonomic}
    uintx NonProfiledCodeHeapSize                  = 122027880                              {pd product} {ergonomic}
   size_t OldSize                                  = 70254592                                  {product} {ergonomic}
    uintx ProfiledCodeHeapSize                     = 122027880                              {pd product} {ergonomic}
    uintx ReservedCodeCacheSize                    = 251658240                              {pd product} {ergonomic}
     bool SegmentedCodeCache                       = true                                      {product} {ergonomic}
   size_t SoftMaxHeapSize                          = 1073741824                             {manageable} {ergonomic}
     bool UseCompressedClassPointers               = true                           {product lp64_product} {ergonomic}
     bool UseCompressedOops                        = true                           {product lp64_product} {ergonomic}
     bool UseLargePagesIndividualAllocation        = false                                  {pd product} {ergonomic}
     bool UseParallelGC                            = true                                      {product} {command line}

Logging:
Log output configuration:
 #0: stdout all=off uptime,level,tags
 #1: stderr all=off uptime,level,tags

Environment Variables:
PATH=C:\Program Files\Microsoft\jdk-11.0.16.101-hotspot\bin;C:\Program Files (x86)\Common Files\Oracle\Java\javapath;C:\Windows\system32;C:\Windows;C:\Windows\System32\Wbem;C:\Windows\System32\WindowsPowerShell\v1.0\;C:\Windows\System32\OpenSSH\;C:\Program Files (x86)\NVIDIA Corporation\PhysX\Common;C:\WINDOWS\system32;C:\WINDOWS;C:\WINDOWS\System32\Wbem;C:\WINDOWS\System32\WindowsPowerShell\v1.0\;C:\WINDOWS\System32\OpenSSH\;C:\Program Files\Cloudflare\Cloudflare WARP\;C:\Program Files\Microsoft SQL Server\150\Tools\Binn\;C:\msys64\mingw64\bin;C:\TDM-GCC-64\bin;C:\TDM-GCC-32\bin;C:\Program Files\dotnet\;C:\Program Files\NVIDIA Corporation\NVIDIA NvDLISR;C:\Program Files\Git\cmd;C:\Users\sieuk\AppData\Local\Microsoft\WindowsApps;C:\Users\sieuk\AppData\Local\Programs\Microsoft VS Code\bin;
USERNAME=hieu
OS=Windows_NT
PROCESSOR_IDENTIFIER=Intel64 Family 6 Model 154 Stepping 3, GenuineIntel
TMP=C:\Users\sieuk\AppData\Local\Temp
TEMP=C:\Users\sieuk\AppData\Local\Temp



Periodic native trim disabled


---------------  S Y S T E M  ---------------

OS:
 Windows 11 , 64 bit Build 22621 (10.0.22621.3374)
OS uptime: 3 days 23:02 hours
Hyper-V role detected

CPU: total 20 (initial active 20) (10 cores per cpu, 2 threads per core) family 6 model 154 stepping 3 microcode 0x429, cx8, cmov, fxsr, ht, mmx, 3dnowpref, sse, sse2, sse3, ssse3, sse4.1, sse4.2, popcnt, lzcnt, tsc, tscinvbit, avx, avx2, aes, erms, clmul, bmi1, bmi2, adx, sha, fma, vzeroupper, clflush, clflushopt, clwb, hv
Processor Information for all 20 processors :
  Max Mhz: 2300, Current Mhz: 2300, Mhz Limit: 2300

Memory: 4k page, system-wide physical 16004M (3543M free)
TotalPageFile size 18052M (AvailPageFile size 2M)
current process WorkingSet (physical memory assigned to process): 210M, peak: 289M
current process commit charge ("private bytes"): 317M, peak: 382M

vm_info: OpenJDK 64-Bit Server VM (17.0.10+7) for windows-amd64 JRE (17.0.10+7), built on Jan 16 2024 23:25:11 by "admin" with MS VC++ 16.10 / 16.11 (VS2019)

END.
